<?xml version="1.0" encoding="UTF-8"?>
<!-- Generated by org.testng.reporters.JUnitReportReporter -->
<testsuite hostname="DESKTOP-L8HT3HT" name="com.training.sanity.tests.LoginTests" tests="1" failures="0" timestamp="5 Nov 2019 07:08:25 GMT" time="40.300" errors="0">
  <testcase name="validLoginTest" time="40.300" classname="com.training.sanity.tests.LoginTests"/>
</testsuite> <!-- com.training.sanity.tests.LoginTests -->
