<?xml version="1.0" encoding="UTF-8"?>
<!-- Generated by org.testng.reporters.JUnitReportReporter -->
<testsuite hostname="DESKTOP-L8HT3HT" name="com.training.sanity.tests.LoginTests" tests="1" failures="0" timestamp="21 Oct 2019 12:42:37 GMT" time="27.979" errors="0">
  <testcase name="validLoginTest" time="27.979" classname="com.training.sanity.tests.LoginTests"/>
</testsuite> <!-- com.training.sanity.tests.LoginTests -->
